<?xml version="1.0" encoding="UTF-8"?>
<!-- Generated by org.testng.reporters.JUnitReportReporter -->
<testsuite hostname="Venkatesh" failures="0" tests="1" name="testcases.Select_ShopByBrandTest" time="51.041" errors="0" timestamp="2024-04-27T09:05:24 IST" skipped="0">
  <testcase classname="testcases.Select_ShopByBrandTest" name="select_ShopByBrand" time="51.041"/>
</testsuite> <!-- testcases.Select_ShopByBrandTest -->
