<?xml version="1.0" encoding="UTF-8"?>
<!-- Generated by org.testng.reporters.JUnitReportReporter -->
<testsuite hostname="Venkatesh" failures="0" tests="1" name="testcases.CartTest" time="9.941" errors="0" timestamp="2024-04-27T10:08:17 IST" skipped="0">
  <testcase classname="testcases.CartTest" name="CartValidation" time="9.941"/>
</testsuite> <!-- testcases.CartTest -->
