<?xml version="1.0" encoding="UTF-8"?>
<!-- Generated by org.testng.reporters.JUnitReportReporter -->
<testsuite hostname="Venkatesh" failures="0" tests="1" name="testcases.MenuValidation_HomeTest" time="51.068" errors="0" timestamp="2024-04-27T07:38:57 IST" skipped="0">
  <testcase classname="testcases.MenuValidation_HomeTest" name="menuNavigation_TitleValidation" time="51.068"/>
</testsuite> <!-- testcases.MenuValidation_HomeTest -->
