<?xml version="1.0" encoding="UTF-8"?>
<!-- Generated by org.testng.reporters.JUnitReportReporter -->
<testsuite hostname="Venkatesh" failures="0" tests="7" name="testcases.SignupTest" time="97.757" errors="0" timestamp="2024-04-27T12:02:34 IST" skipped="0">
  <testcase classname="testcases.SignupTest" name="SigninValidation" time="13.416"/>
  <testcase classname="testcases.SignupTest" name="SigninValidation" time="13.167"/>
  <testcase classname="testcases.SignupTest" name="SigninValidation" time="14.287"/>
  <testcase classname="testcases.SignupTest" name="SigninValidation" time="12.730"/>
  <testcase classname="testcases.SignupTest" name="SigninValidation" time="15.403"/>
  <testcase classname="testcases.SignupTest" name="SigninValidation" time="13.613"/>
  <testcase classname="testcases.SignupTest" name="SigninValidation" time="15.141"/>
</testsuite> <!-- testcases.SignupTest -->
