<?xml version="1.0" encoding="UTF-8"?>
<!-- Generated by org.testng.reporters.JUnitReportReporter -->
<testsuite hostname="Venkatesh" failures="0" tests="1" name="testcases.BrokenURLValidationTest" time="15.901" errors="0" timestamp="2024-04-30T10:25:59 IST" skipped="0">
  <testcase classname="testcases.BrokenURLValidationTest" name="BrokenURLValidation" time="15.901"/>
</testsuite> <!-- testcases.BrokenURLValidationTest -->
