<?xml version="1.0" encoding="UTF-8"?>
<!-- Generated by org.testng.reporters.JUnitReportReporter -->
<testsuite hostname="Venkatesh" failures="0" tests="1" name="testcases.HomePageMenuNaviagtionTest" time="43.542" errors="0" timestamp="2024-04-20T08:38:07 IST" skipped="0">
  <testcase classname="testcases.HomePageMenuNaviagtionTest" name="menuNavigation_TitleValidation" time="43.542"/>
</testsuite> <!-- testcases.HomePageMenuNaviagtionTest -->
