<?xml version="1.0" encoding="UTF-8"?>
<!-- Generated by org.testng.reporters.JUnitReportReporter -->
<testsuite hostname="Venkatesh" failures="0" tests="1" name="testcases.CheckOutTest" time="115.794" errors="0" timestamp="2024-04-30T11:02:46 IST" skipped="0">
  <testcase classname="testcases.CheckOutTest" name="CheckOutValidation" time="115.794"/>
</testsuite> <!-- testcases.CheckOutTest -->
