<?xml version="1.0" encoding="UTF-8"?>
<!-- Generated by org.testng.reporters.JUnitReportReporter -->
<testsuite hostname="Venkatesh" failures="0" tests="1" name="testcases.Select_ShopByDepartmentTest" time="37.538" errors="0" timestamp="2024-04-27T09:15:29 IST" skipped="0">
  <testcase classname="testcases.Select_ShopByDepartmentTest" name="select_ShopByDepartment" time="37.538"/>
</testsuite> <!-- testcases.Select_ShopByDepartmentTest -->
