<?xml version="1.0" encoding="UTF-8"?>
<!-- Generated by org.testng.reporters.JUnitReportReporter -->
<testsuite hostname="Venkatesh" failures="0" tests="7" name="testcases.Signup_InvalidDetailsTest" time="252.991" errors="0" timestamp="2024-04-30T11:41:28 IST" skipped="0">
  <testcase classname="testcases.Signup_InvalidDetailsTest" name="Signup_InvalidDetails" time="38.897"/>
  <testcase classname="testcases.Signup_InvalidDetailsTest" name="Signup_InvalidDetails" time="33.914"/>
  <testcase classname="testcases.Signup_InvalidDetailsTest" name="Signup_InvalidDetails" time="35.246"/>
  <testcase classname="testcases.Signup_InvalidDetailsTest" name="Signup_InvalidDetails" time="38.366"/>
  <testcase classname="testcases.Signup_InvalidDetailsTest" name="Signup_InvalidDetails" time="36.752"/>
  <testcase classname="testcases.Signup_InvalidDetailsTest" name="Signup_InvalidDetails" time="36.029"/>
  <testcase classname="testcases.Signup_InvalidDetailsTest" name="Signup_InvalidDetails" time="33.787"/>
</testsuite> <!-- testcases.Signup_InvalidDetailsTest -->
