<?xml version="1.0" encoding="UTF-8"?>
<!-- Generated by org.testng.reporters.JUnitReportReporter -->
<testsuite hostname="Venkatesh" failures="0" tests="4" name="testcases.SigninTest" time="57.665" errors="0" timestamp="2024-04-27T11:44:42 IST" skipped="0">
  <testcase classname="testcases.SigninTest" name="SigninValidation" time="11.100"/>
  <testcase classname="testcases.SigninTest" name="SigninValidation" time="12.507"/>
  <testcase classname="testcases.SigninTest" name="SigninValidation" time="22.186"/>
  <testcase classname="testcases.SigninTest" name="SigninValidation" time="11.872"/>
</testsuite> <!-- testcases.SigninTest -->
