<?xml version="1.0" encoding="UTF-8"?>
<!-- Generated by org.testng.reporters.JUnitReportReporter -->
<testsuite hostname="Venkatesh" failures="0" tests="1" name="testcases.TC007_ShopByDepartmentTest" time="86.805" errors="0" timestamp="2024-04-30T14:30:24 IST" skipped="0">
  <testcase classname="testcases.TC007_ShopByDepartmentTest" name="ShopByDepartment" time="86.805"/>
</testsuite> <!-- testcases.TC007_ShopByDepartmentTest -->
