<?xml version="1.0" encoding="UTF-8"?>
<!-- Generated by org.testng.reporters.JUnitReportReporter -->
<testsuite hostname="Venkatesh" failures="0" tests="1" name="testcases.ShopByDepartmentTest" time="61.816" errors="0" timestamp="2024-04-30T10:25:59 IST" skipped="0">
  <testcase classname="testcases.ShopByDepartmentTest" name="ShopByDepartment" time="61.816"/>
</testsuite> <!-- testcases.ShopByDepartmentTest -->
