<?xml version="1.0" encoding="UTF-8"?>
<!-- Generated by org.testng.reporters.JUnitReportReporter -->
<testsuite hostname="Venkatesh" failures="0" tests="4" name="testcases.Signin_InvalidDetailsTest" time="140.712" errors="0" timestamp="2024-04-30T11:41:28 IST" skipped="0">
  <testcase classname="testcases.Signin_InvalidDetailsTest" name="Signin_InvalidDetails" time="33.001"/>
  <testcase classname="testcases.Signin_InvalidDetailsTest" name="Signin_InvalidDetails" time="33.629"/>
  <testcase classname="testcases.Signin_InvalidDetailsTest" name="Signin_InvalidDetails" time="33.649"/>
  <testcase classname="testcases.Signin_InvalidDetailsTest" name="Signin_InvalidDetails" time="40.433"/>
</testsuite> <!-- testcases.Signin_InvalidDetailsTest -->
