<?xml version="1.0" encoding="UTF-8"?>
<!-- Generated by org.testng.reporters.JUnitReportReporter -->
<testsuite hostname="Venkatesh" failures="0" tests="1" name="testcases.CountrySelectionTest" time="15.070" errors="0" timestamp="2024-04-30T10:25:59 IST" skipped="0">
  <testcase classname="testcases.CountrySelectionTest" name="UnitedStatesCountrySelection" time="15.070"/>
</testsuite> <!-- testcases.CountrySelectionTest -->
