<?xml version="1.0" encoding="UTF-8"?>
<!-- Generated by org.testng.reporters.JUnitReportReporter -->
<testsuite hostname="Venkatesh" failures="0" tests="1" name="testcases.BottomLinksValidation_HomeTest" time="37.259" errors="0" timestamp="2024-04-27T08:53:19 IST" skipped="0">
  <testcase classname="testcases.BottomLinksValidation_HomeTest" name="bottomLinksValidation" time="37.259"/>
</testsuite> <!-- testcases.BottomLinksValidation_HomeTest -->
