<?xml version="1.0" encoding="UTF-8"?>
<!-- Generated by org.testng.reporters.JUnitReportReporter -->
<testsuite hostname="Venkatesh" failures="0" tests="1" name="testcases.TC004_MenuValidationTest" time="111.383" errors="0" timestamp="2024-04-30T15:15:22 IST" skipped="0">
  <testcase classname="testcases.TC004_MenuValidationTest" name="MenuItemsValidation" time="111.383"/>
</testsuite> <!-- testcases.TC004_MenuValidationTest -->
