<?xml version="1.0" encoding="UTF-8"?>
<!-- Generated by org.testng.reporters.JUnitReportReporter -->
<testsuite hostname="Venkatesh" failures="0" tests="4" name="testcases.TC011_Signin_InvalidDetailsTest" time="173.384" errors="0" timestamp="2024-04-30T15:15:21 IST" skipped="0">
  <testcase classname="testcases.TC011_Signin_InvalidDetailsTest" name="Signin_InvalidDetails" time="43.315"/>
  <testcase classname="testcases.TC011_Signin_InvalidDetailsTest" name="Signin_InvalidDetails" time="45.932"/>
  <testcase classname="testcases.TC011_Signin_InvalidDetailsTest" name="Signin_InvalidDetails" time="43.753"/>
  <testcase classname="testcases.TC011_Signin_InvalidDetailsTest" name="Signin_InvalidDetails" time="40.384"/>
</testsuite> <!-- testcases.TC011_Signin_InvalidDetailsTest -->
