<?xml version="1.0" encoding="UTF-8"?>
<!-- Generated by org.testng.reporters.JUnitReportReporter -->
<testsuite hostname="Venkatesh" failures="0" tests="7" name="testcases.TC010_Signup_InvalidDetailsTest" time="341.894" errors="0" timestamp="2024-04-30T15:15:21 IST" skipped="0">
  <testcase classname="testcases.TC010_Signup_InvalidDetailsTest" name="Signup_InvalidDetails" time="40.415"/>
  <testcase classname="testcases.TC010_Signup_InvalidDetailsTest" name="Signup_InvalidDetails" time="41.110"/>
  <testcase classname="testcases.TC010_Signup_InvalidDetailsTest" name="Signup_InvalidDetails" time="40.930"/>
  <testcase classname="testcases.TC010_Signup_InvalidDetailsTest" name="Signup_InvalidDetails" time="49.700"/>
  <testcase classname="testcases.TC010_Signup_InvalidDetailsTest" name="Signup_InvalidDetails" time="43.380"/>
  <testcase classname="testcases.TC010_Signup_InvalidDetailsTest" name="Signup_InvalidDetails" time="47.874"/>
  <testcase classname="testcases.TC010_Signup_InvalidDetailsTest" name="Signup_InvalidDetails" time="78.485"/>
</testsuite> <!-- testcases.TC010_Signup_InvalidDetailsTest -->
