<?xml version="1.0" encoding="UTF-8"?>
<!-- Generated by org.testng.reporters.JUnitReportReporter -->
<testsuite hostname="Venkatesh" failures="0" tests="1" name="testcases.TC006_SearchBoxTest" time="75.664" errors="0" timestamp="2024-04-30T15:15:22 IST" skipped="0">
  <testcase classname="testcases.TC006_SearchBoxTest" name="SearchBox" time="75.664"/>
</testsuite> <!-- testcases.TC006_SearchBoxTest -->
