<?xml version="1.0" encoding="UTF-8"?>
<!-- Generated by org.testng.reporters.JUnitReportReporter -->
<testsuite hostname="Venkatesh" failures="0" tests="1" name="testcases.TC009_CheckOutTest" time="148.691" errors="0" timestamp="2024-04-30T15:15:21 IST" skipped="0">
  <testcase classname="testcases.TC009_CheckOutTest" name="CheckOutValidation" time="148.691"/>
</testsuite> <!-- testcases.TC009_CheckOutTest -->
