<?xml version="1.0" encoding="UTF-8"?>
<!-- Generated by org.testng.reporters.JUnitReportReporter -->
<testsuite hostname="Venkatesh" failures="0" tests="1" name="testcases.TC003_Signin_ValidDetailsTest" time="44.774" errors="0" timestamp="2024-04-30T15:15:21 IST" skipped="0">
  <testcase classname="testcases.TC003_Signin_ValidDetailsTest" name="SigninValidation" time="44.774"/>
</testsuite> <!-- testcases.TC003_Signin_ValidDetailsTest -->
